<?xml version="1.0" encoding="UTF-8"?>
<!-- Generated by org.testng.reporters.JUnitReportReporter -->
<testsuite hostname="LAPTOP-85GUOTOG" failures="0" tests="1" name="TestRunner.CucumberTestRunnerFirefoxTest" time="11.679" errors="0" timestamp="2025-09-20T16:34:45 IST" skipped="0">
  <testcase classname="TestRunner.CucumberTestRunnerFirefoxTest" name="runScenario" time="11.679"/>
  <system-out/>
</testsuite> <!-- TestRunner.CucumberTestRunnerFirefoxTest -->
