<?xml version="1.0" encoding="UTF-8"?>
<!-- Generated by org.testng.reporters.JUnitReportReporter -->
<testsuite hostname="LAPTOP-85GUOTOG" failures="0" tests="2" name="TestRunner.CucumberTestRunnerExcel" time="6.659" errors="0" timestamp="2025-09-25T12:21:42 IST" skipped="0">
  <testcase classname="TestRunner.CucumberTestRunnerExcel" name="runScenario" time="4.117"/>
  <system-out/>
  <testcase classname="TestRunner.CucumberTestRunnerExcel" name="runScenario" time="2.542"/>
  <system-out/>
</testsuite> <!-- TestRunner.CucumberTestRunnerExcel -->
